<?xml version="1.0" encoding="UTF-8"?>
<coverage generated="1676828527166" clover="3.2.0">
  <project timestamp="1676828527166" name="All files">
    <metrics statements="38" coveredstatements="25" conditionals="14" coveredconditionals="7" methods="11" coveredmethods="8" elements="63" coveredelements="40" complexity="0" loc="38" ncloc="38" packages="1" files="1" classes="1"/>
    <file name="BookPage.jsx" path="C:\IT\Prom_curs\1\Olya\x-course-task\src\components\bookPage\BookPage.jsx">
      <metrics statements="38" coveredstatements="25" conditionals="14" coveredconditionals="7" methods="11" coveredmethods="8"/>
      <line num="9" count="16" type="stmt"/>
      <line num="10" count="16" type="stmt"/>
      <line num="11" count="16" type="stmt"/>
      <line num="12" count="16" type="stmt"/>
      <line num="13" count="16" type="stmt"/>
      <line num="14" count="16" type="stmt"/>
      <line num="16" count="16" type="cond" truecount="2" falsecount="0"/>
      <line num="18" count="16" type="stmt"/>
      <line num="19" count="3" type="stmt"/>
      <line num="22" count="16" type="stmt"/>
      <line num="23" count="1" type="stmt"/>
      <line num="26" count="16" type="stmt"/>
      <line num="27" count="1" type="stmt"/>
      <line num="28" count="1" type="stmt"/>
      <line num="31" count="16" type="stmt"/>
      <line num="32" count="16" type="stmt"/>
      <line num="35" count="16" type="stmt"/>
      <line num="36" count="0" type="stmt"/>
      <line num="37" count="0" type="cond" truecount="0" falsecount="2"/>
      <line num="38" count="0" type="cond" truecount="0" falsecount="2"/>
      <line num="39" count="0" type="stmt"/>
      <line num="40" count="0" type="stmt"/>
      <line num="42" count="0" type="stmt"/>
      <line num="44" count="0" type="cond" truecount="0" falsecount="2"/>
      <line num="45" count="0" type="stmt"/>
      <line num="46" count="0" type="stmt"/>
      <line num="49" count="0" type="stmt"/>
      <line num="52" count="0" type="stmt"/>
      <line num="53" count="0" type="stmt"/>
      <line num="57" count="16" type="stmt"/>
      <line num="58" count="8" type="cond" truecount="2" falsecount="0"/>
      <line num="59" count="3" type="stmt"/>
      <line num="61" count="8" type="cond" truecount="1" falsecount="1"/>
      <line num="62" count="0" type="stmt"/>
      <line num="64" count="8" type="stmt"/>
      <line num="67" count="16" type="stmt"/>
      <line num="103" count="3" type="stmt"/>
      <line num="111" count="1" type="stmt"/>
    </file>
  </project>
</coverage>
