{"C:\\IT\\Prom_curs\\1\\Olya\\x-course-task\\src\\components\\bookPage\\BookPage.jsx": {"path":"C:\\IT\\Prom_curs\\1\\Olya\\x-course-task\\src\\components\\bookPage\\BookPage.jsx","statementMap":{"0":{"start":{"line":9,"column":14},"end":{"line":9,"column":15}},"1":{"start":{"line":10,"column":14},"end":{"line":10,"column":16}},"2":{"start":{"line":11,"column":27},"end":{"line":11,"column":40}},"3":{"start":{"line":12,"column":34},"end":{"line":12,"column":47}},"4":{"start":{"line":13,"column":28},"end":{"line":13,"column":66}},"5":{"start":{"line":14,"column":59},"end":{"line":14,"column":64}},"6":{"start":{"line":16,"column":24},"end":{"line":16,"column":75}},"7":{"start":{"line":18,"column":22},"end":{"line":20,"column":3}},"8":{"start":{"line":19,"column":4},"end":{"line":19,"column":30}},"9":{"start":{"line":22,"column":22},"end":{"line":24,"column":3}},"10":{"start":{"line":23,"column":4},"end":{"line":23,"column":30}},"11":{"start":{"line":26,"column":22},"end":{"line":29,"column":3}},"12":{"start":{"line":27,"column":4},"end":{"line":27,"column":33}},"13":{"start":{"line":28,"column":4},"end":{"line":28,"column":33}},"14":{"start":{"line":31,"column":21},"end":{"line":33,"column":3}},"15":{"start":{"line":32,"column":4},"end":{"line":32,"column":43}},"16":{"start":{"line":35,"column":20},"end":{"line":55,"column":3}},"17":{"start":{"line":36,"column":4},"end":{"line":36,"column":24}},"18":{"start":{"line":37,"column":4},"end":{"line":54,"column":5}},"19":{"start":{"line":38,"column":6},"end":{"line":50,"column":7}},"20":{"start":{"line":38,"column":39},"end":{"line":38,"column":57}},"21":{"start":{"line":39,"column":23},"end":{"line":41,"column":12}},"22":{"start":{"line":40,"column":23},"end":{"line":40,"column":46}},"23":{"start":{"line":42,"column":20},"end":{"line":42,"column":53}},"24":{"start":{"line":44,"column":8},"end":{"line":47,"column":9}},"25":{"start":{"line":45,"column":10},"end":{"line":45,"column":43}},"26":{"start":{"line":46,"column":10},"end":{"line":46,"column":45}},"27":{"start":{"line":49,"column":8},"end":{"line":49,"column":43}},"28":{"start":{"line":52,"column":6},"end":{"line":52,"column":73}},"29":{"start":{"line":53,"column":6},"end":{"line":53,"column":36}},"30":{"start":{"line":57,"column":2},"end":{"line":65,"column":17}},"31":{"start":{"line":58,"column":4},"end":{"line":60,"column":5}},"32":{"start":{"line":59,"column":6},"end":{"line":59,"column":23}},"33":{"start":{"line":61,"column":4},"end":{"line":63,"column":5}},"34":{"start":{"line":62,"column":6},"end":{"line":62,"column":23}},"35":{"start":{"line":64,"column":4},"end":{"line":64,"column":43}},"36":{"start":{"line":67,"column":2},"end":{"line":134,"column":4}},"37":{"start":{"line":103,"column":33},"end":{"line":103,"column":46}},"38":{"start":{"line":111,"column":34},"end":{"line":111,"column":48}}},"fnMap":{"0":{"name":"BookPage","decl":{"start":{"line":8,"column":9},"end":{"line":8,"column":17}},"loc":{"start":{"line":8,"column":28},"end":{"line":135,"column":1}},"line":8},"1":{"name":"(anonymous_1)","decl":{"start":{"line":18,"column":22},"end":{"line":18,"column":23}},"loc":{"start":{"line":18,"column":28},"end":{"line":20,"column":3}},"line":18},"2":{"name":"(anonymous_2)","decl":{"start":{"line":22,"column":22},"end":{"line":22,"column":23}},"loc":{"start":{"line":22,"column":28},"end":{"line":24,"column":3}},"line":22},"3":{"name":"(anonymous_3)","decl":{"start":{"line":26,"column":22},"end":{"line":26,"column":23}},"loc":{"start":{"line":26,"column":29},"end":{"line":29,"column":3}},"line":26},"4":{"name":"(anonymous_4)","decl":{"start":{"line":31,"column":21},"end":{"line":31,"column":22}},"loc":{"start":{"line":31,"column":39},"end":{"line":33,"column":3}},"line":31},"5":{"name":"(anonymous_5)","decl":{"start":{"line":35,"column":20},"end":{"line":35,"column":21}},"loc":{"start":{"line":35,"column":27},"end":{"line":55,"column":3}},"line":35},"6":{"name":"(anonymous_6)","decl":{"start":{"line":38,"column":31},"end":{"line":38,"column":32}},"loc":{"start":{"line":38,"column":39},"end":{"line":38,"column":57}},"line":38},"7":{"name":"(anonymous_7)","decl":{"start":{"line":40,"column":10},"end":{"line":40,"column":11}},"loc":{"start":{"line":40,"column":23},"end":{"line":40,"column":46}},"line":40},"8":{"name":"(anonymous_8)","decl":{"start":{"line":57,"column":12},"end":{"line":57,"column":13}},"loc":{"start":{"line":57,"column":18},"end":{"line":65,"column":3}},"line":57},"9":{"name":"(anonymous_9)","decl":{"start":{"line":103,"column":27},"end":{"line":103,"column":28}},"loc":{"start":{"line":103,"column":33},"end":{"line":103,"column":46}},"line":103},"10":{"name":"(anonymous_10)","decl":{"start":{"line":111,"column":27},"end":{"line":111,"column":28}},"loc":{"start":{"line":111,"column":34},"end":{"line":111,"column":48}},"line":111}},"branchMap":{"0":{"loc":{"start":{"line":16,"column":24},"end":{"line":16,"column":75}},"type":"binary-expr","locations":[{"start":{"line":16,"column":24},"end":{"line":16,"column":69}},{"start":{"line":16,"column":73},"end":{"line":16,"column":75}}],"line":16},"1":{"loc":{"start":{"line":37,"column":4},"end":{"line":54,"column":5}},"type":"if","locations":[{"start":{"line":37,"column":4},"end":{"line":54,"column":5}},{"start":{},"end":{}}],"line":37},"2":{"loc":{"start":{"line":38,"column":6},"end":{"line":50,"column":7}},"type":"if","locations":[{"start":{"line":38,"column":6},"end":{"line":50,"column":7}},{"start":{"line":48,"column":13},"end":{"line":50,"column":7}}],"line":38},"3":{"loc":{"start":{"line":44,"column":8},"end":{"line":47,"column":9}},"type":"if","locations":[{"start":{"line":44,"column":8},"end":{"line":47,"column":9}},{"start":{},"end":{}}],"line":44},"4":{"loc":{"start":{"line":58,"column":4},"end":{"line":60,"column":5}},"type":"if","locations":[{"start":{"line":58,"column":4},"end":{"line":60,"column":5}},{"start":{},"end":{}}],"line":58},"5":{"loc":{"start":{"line":61,"column":4},"end":{"line":63,"column":5}},"type":"if","locations":[{"start":{"line":61,"column":4},"end":{"line":63,"column":5}},{"start":{},"end":{}}],"line":61},"6":{"loc":{"start":{"line":71,"column":20},"end":{"line":71,"column":56}},"type":"cond-expr","locations":[{"start":{"line":71,"column":35},"end":{"line":71,"column":40}},{"start":{"line":71,"column":43},"end":{"line":71,"column":56}}],"line":71}},"s":{"0":16,"1":16,"2":16,"3":16,"4":16,"5":16,"6":16,"7":16,"8":3,"9":16,"10":1,"11":16,"12":1,"13":1,"14":16,"15":16,"16":16,"17":0,"18":0,"19":0,"20":0,"21":0,"22":0,"23":0,"24":0,"25":0,"26":0,"27":0,"28":0,"29":0,"30":16,"31":8,"32":3,"33":8,"34":0,"35":8,"36":16,"37":3,"38":1},"f":{"0":16,"1":3,"2":1,"3":1,"4":16,"5":0,"6":0,"7":0,"8":8,"9":3,"10":1},"b":{"0":[16,16],"1":[0,0],"2":[0,0],"3":[0,0],"4":[3,5],"5":[0,8],"6":[12,4]},"_coverageSchema":"1a1c01bbd47fc00a2c39e90264f33305004495a9","hash":"33c02c81971c2015d0b0ca03e0fa77eb76872c48"}
}
