TN:
SF:src\components\bookPage\BookPage.jsx
FN:8,BookPage
FN:18,(anonymous_1)
FN:22,(anonymous_2)
FN:26,(anonymous_3)
FN:31,(anonymous_4)
FN:35,(anonymous_5)
FN:38,(anonymous_6)
FN:40,(anonymous_7)
FN:57,(anonymous_8)
FN:103,(anonymous_9)
FN:111,(anonymous_10)
FNF:11
FNH:8
FNDA:16,BookPage
FNDA:3,(anonymous_1)
FNDA:1,(anonymous_2)
FNDA:1,(anonymous_3)
FNDA:16,(anonymous_4)
FNDA:0,(anonymous_5)
FNDA:0,(anonymous_6)
FNDA:0,(anonymous_7)
FNDA:8,(anonymous_8)
FNDA:3,(anonymous_9)
FNDA:1,(anonymous_10)
DA:9,16
DA:10,16
DA:11,16
DA:12,16
DA:13,16
DA:14,16
DA:16,16
DA:18,16
DA:19,3
DA:22,16
DA:23,1
DA:26,16
DA:27,1
DA:28,1
DA:31,16
DA:32,16
DA:35,16
DA:36,0
DA:37,0
DA:38,0
DA:39,0
DA:40,0
DA:42,0
DA:44,0
DA:45,0
DA:46,0
DA:49,0
DA:52,0
DA:53,0
DA:57,16
DA:58,8
DA:59,3
DA:61,8
DA:62,0
DA:64,8
DA:67,16
DA:103,3
DA:111,1
LF:38
LH:25
BRDA:16,0,0,16
BRDA:16,0,1,16
BRDA:37,1,0,0
BRDA:37,1,1,0
BRDA:38,2,0,0
BRDA:38,2,1,0
BRDA:44,3,0,0
BRDA:44,3,1,0
BRDA:58,4,0,3
BRDA:58,4,1,5
BRDA:61,5,0,0
BRDA:61,5,1,8
BRDA:71,6,0,12
BRDA:71,6,1,4
BRF:14
BRH:7
end_of_record
